Grammar

    0 $accept: S $end

    1 S: sentencia

    2 sentencia: sentencias
    3          | sentencia sentencias

    4 sentencias: expresion
    5           | COMENTARIO
    6           | VARIABLE '=' expresion

    7 expresion: NUMERO
    8          | VARIABLE
    9          | expresion '+' expresion
   10          | expresion '-' expresion
   11          | expresion '*' expresion
   12          | expresion '/' expresion
   13          | expresion '^' expresion


Terminals, with rules where they appear

$end (0) 0
'*' (42) 11
'+' (43) 9
'-' (45) 10
'/' (47) 12
'=' (61) 6
'^' (94) 13
error (256)
VARIABLE (258) 6 8
NUMERO (259) 7
COMENTARIO (260) 5


Nonterminals, with rules where they appear

$accept (12)
    on left: 0
S (13)
    on left: 1, on right: 0
sentencia (14)
    on left: 2 3, on right: 1 3
sentencias (15)
    on left: 4 5 6, on right: 2 3
expresion (16)
    on left: 7 8 9 10 11 12 13, on right: 4 6 9 10 11 12 13


state 0

    0 $accept: . S $end

    VARIABLE    shift, and go to state 1
    NUMERO      shift, and go to state 2
    COMENTARIO  shift, and go to state 3

    S           go to state 4
    sentencia   go to state 5
    sentencias  go to state 6
    expresion   go to state 7


state 1

    6 sentencias: VARIABLE . '=' expresion
    8 expresion: VARIABLE .

    '='  shift, and go to state 8

    $default  reduce using rule 8 (expresion)


state 2

    7 expresion: NUMERO .

    $default  reduce using rule 7 (expresion)


state 3

    5 sentencias: COMENTARIO .

    $default  reduce using rule 5 (sentencias)


state 4

    0 $accept: S . $end

    $end  shift, and go to state 9


state 5

    1 S: sentencia .
    3 sentencia: sentencia . sentencias

    VARIABLE    shift, and go to state 1
    NUMERO      shift, and go to state 2
    COMENTARIO  shift, and go to state 3

    $default  reduce using rule 1 (S)

    sentencias  go to state 10
    expresion   go to state 7


state 6

    2 sentencia: sentencias .

    $default  reduce using rule 2 (sentencia)


state 7

    4 sentencias: expresion .
    9 expresion: expresion . '+' expresion
   10          | expresion . '-' expresion
   11          | expresion . '*' expresion
   12          | expresion . '/' expresion
   13          | expresion . '^' expresion

    '+'  shift, and go to state 11
    '-'  shift, and go to state 12
    '*'  shift, and go to state 13
    '/'  shift, and go to state 14
    '^'  shift, and go to state 15

    $default  reduce using rule 4 (sentencias)


state 8

    6 sentencias: VARIABLE '=' . expresion

    VARIABLE  shift, and go to state 16
    NUMERO    shift, and go to state 2

    expresion  go to state 17


state 9

    0 $accept: S $end .

    $default  accept


state 10

    3 sentencia: sentencia sentencias .

    $default  reduce using rule 3 (sentencia)


state 11

    9 expresion: expresion '+' . expresion

    VARIABLE  shift, and go to state 16
    NUMERO    shift, and go to state 2

    expresion  go to state 18


state 12

   10 expresion: expresion '-' . expresion

    VARIABLE  shift, and go to state 16
    NUMERO    shift, and go to state 2

    expresion  go to state 19


state 13

   11 expresion: expresion '*' . expresion

    VARIABLE  shift, and go to state 16
    NUMERO    shift, and go to state 2

    expresion  go to state 20


state 14

   12 expresion: expresion '/' . expresion

    VARIABLE  shift, and go to state 16
    NUMERO    shift, and go to state 2

    expresion  go to state 21


state 15

   13 expresion: expresion '^' . expresion

    VARIABLE  shift, and go to state 16
    NUMERO    shift, and go to state 2

    expresion  go to state 22


state 16

    8 expresion: VARIABLE .

    $default  reduce using rule 8 (expresion)


state 17

    6 sentencias: VARIABLE '=' expresion .
    9 expresion: expresion . '+' expresion
   10          | expresion . '-' expresion
   11          | expresion . '*' expresion
   12          | expresion . '/' expresion
   13          | expresion . '^' expresion

    '+'  shift, and go to state 11
    '-'  shift, and go to state 12
    '*'  shift, and go to state 13
    '/'  shift, and go to state 14
    '^'  shift, and go to state 15

    $default  reduce using rule 6 (sentencias)


state 18

    9 expresion: expresion . '+' expresion
    9          | expresion '+' expresion .
   10          | expresion . '-' expresion
   11          | expresion . '*' expresion
   12          | expresion . '/' expresion
   13          | expresion . '^' expresion

    '*'  shift, and go to state 13
    '/'  shift, and go to state 14
    '^'  shift, and go to state 15

    $default  reduce using rule 9 (expresion)


state 19

    9 expresion: expresion . '+' expresion
   10          | expresion . '-' expresion
   10          | expresion '-' expresion .
   11          | expresion . '*' expresion
   12          | expresion . '/' expresion
   13          | expresion . '^' expresion

    '*'  shift, and go to state 13
    '/'  shift, and go to state 14
    '^'  shift, and go to state 15

    $default  reduce using rule 10 (expresion)


state 20

    9 expresion: expresion . '+' expresion
   10          | expresion . '-' expresion
   11          | expresion . '*' expresion
   11          | expresion '*' expresion .
   12          | expresion . '/' expresion
   13          | expresion . '^' expresion

    '^'  shift, and go to state 15

    $default  reduce using rule 11 (expresion)


state 21

    9 expresion: expresion . '+' expresion
   10          | expresion . '-' expresion
   11          | expresion . '*' expresion
   12          | expresion . '/' expresion
   12          | expresion '/' expresion .
   13          | expresion . '^' expresion

    '^'  shift, and go to state 15

    $default  reduce using rule 12 (expresion)


state 22

    9 expresion: expresion . '+' expresion
   10          | expresion . '-' expresion
   11          | expresion . '*' expresion
   12          | expresion . '/' expresion
   13          | expresion . '^' expresion
   13          | expresion '^' expresion .

    '^'  shift, and go to state 15

    $default  reduce using rule 13 (expresion)
